# JRE version: OpenJDK Runtime Environment Temurin-21.0.8+9 (21.0.8+9) (build 21.0.8+9-LTS)
# Java VM: OpenJDK 64-Bit Server VM Temurin-21.0.8+9 (21.0.8+9-LTS, mixed mode, sharing, tiered, compressed oops, compressed class ptrs, parallel gc, windows-amd64)
GC Precious Log:
 CardTable entry size: 512
 CPUs: 8 total, 8 available
 Memory: 5965M
 Large Page Support: Disabled
 NUMA Support: Disabled
 Compressed Oops: Enabled (32-bit)
 Alignments: Space 512K, Generation 512K, Heap 2M
 Heap Min Capacity: 100M
 Heap Initial Capacity: 100M
 Heap Max Capacity: 2G
 Pre-touch: Disabled
 Parallel Workers: 8
Heap:
 PSYoungGen      total 3072K, used 2052K [0x00000000d5580000, 0x00000000d5980000, 0x0000000100000000)
  eden space 2560K, 62% used [0x00000000d5580000,0x00000000d5711110,0x00000000d5800000)
  from space 512K, 87% used [0x00000000d5900000,0x00000000d5970000,0x00000000d5980000)
  to   space 512K, 0% used [0x00000000d5880000,0x00000000d5880000,0x00000000d5900000)
 ParOldGen       total 261120K, used 260691K [0x0000000080000000, 0x000000008ff00000, 0x00000000d5580000)
  object space 261120K, 99% used [0x0000000080000000,0x000000008fe94c80,0x000000008ff00000)
 Metaspace       used 75334K, committed 77056K, reserved 1179648K
  class space    used 7881K, committed 8640K, reserved 1048576K
GC Heap History (20 events):
Event: 22.840 GC heap before
{Heap before GC invocations=375 (full 3):
 PSYoungGen      total 3072K, used 3072K [0x00000000d5580000, 0x00000000d5a00000, 0x0000000100000000)
  eden space 2560K, 100% used [0x00000000d5580000,0x00000000d5800000,0x00000000d5800000)
  from space 512K, 100% used [0x00000000d5880000,0x00000000d5900000,0x00000000d5900000)
  to   space 1024K, 0% used [0x00000000d5900000,0x00000000d5900000,0x00000000d5a00000)
 ParOldGen       total 257024K, used 256808K [0x0000000080000000, 0x000000008fb00000, 0x00000000d5580000)
  object space 257024K, 99% used [0x0000000080000000,0x000000008faca0f8,0x000000008fb00000)
 Metaspace       used 74972K, committed 76608K, reserved 1179648K
  class space    used 7853K, committed 8576K, reserved 1048576K
}
Event: 22.843 GC heap after
{Heap after GC invocations=375 (full 3):
 PSYoungGen      total 3584K, used 531K [0x00000000d5580000, 0x00000000d5a00000, 0x0000000100000000)
  eden space 2560K, 0% used [0x00000000d5580000,0x00000000d5580000,0x00000000d5800000)
  from space 1024K, 51% used [0x00000000d5900000,0x00000000d5984d88,0x00000000d5a00000)
  to   space 1024K, 0% used [0x00000000d5800000,0x00000000d5800000,0x00000000d5900000)
 ParOldGen       total 257536K, used 257174K [0x0000000080000000, 0x000000008fb80000, 0x00000000d5580000)
  object space 257536K, 99% used [0x0000000080000000,0x000000008fb258c0,0x000000008fb80000)
 Metaspace       used 74972K, committed 76608K, reserved 1179648K
  class space    used 7853K, committed 8576K, reserved 1048576K
}
Event: 22.863 GC heap before
{Heap before GC invocations=376 (full 3):
 PSYoungGen      total 3584K, used 3088K [0x00000000d5580000, 0x00000000d5a00000, 0x0000000100000000)
  eden space 2560K, 99% used [0x00000000d5580000,0x00000000d57ff5f8,0x00000000d5800000)
  from space 1024K, 51% used [0x00000000d5900000,0x00000000d5984d88,0x00000000d5a00000)
  to   space 1024K, 0% used [0x00000000d5800000,0x00000000d5800000,0x00000000d5900000)
 ParOldGen       total 257536K, used 257174K [0x0000000080000000, 0x000000008fb80000, 0x00000000d5580000)
  object space 257536K, 99% used [0x0000000080000000,0x000000008fb258c0,0x000000008fb80000)
 Metaspace       used 74982K, committed 76672K, reserved 1179648K
  class space    used 7854K, committed 8576K, reserved 1048576K
}
Event: 22.865 GC heap after
{Heap after GC invocations=376 (full 3):
 PSYoungGen      total 3584K, used 482K [0x00000000d5580000, 0x00000000d5980000, 0x0000000100000000)
  eden space 2560K, 0% used [0x00000000d5580000,0x00000000d5580000,0x00000000d5800000)
  from space 1024K, 47% used [0x00000000d5800000,0x00000000d5878a90,0x00000000d5900000)
  to   space 512K, 0% used [0x00000000d5900000,0x00000000d5900000,0x00000000d5980000)
 ParOldGen       total 258048K, used 257545K [0x0000000080000000, 0x000000008fc00000, 0x00000000d5580000)
  object space 258048K, 99% used [0x0000000080000000,0x000000008fb82438,0x000000008fc00000)
 Metaspace       used 74982K, committed 76672K, reserved 1179648K
  class space    used 7854K, committed 8576K, reserved 1048576K
}
Event: 22.884 GC heap before
{Heap before GC invocations=377 (full 3):
 PSYoungGen      total 3584K, used 3042K [0x00000000d5580000, 0x00000000d5980000, 0x0000000100000000)
  eden space 2560K, 100% used [0x00000000d5580000,0x00000000d5800000,0x00000000d5800000)
  from space 1024K, 47% used [0x00000000d5800000,0x00000000d5878a90,0x00000000d5900000)
  to   space 512K, 0% used [0x00000000d5900000,0x00000000d5900000,0x00000000d5980000)
 ParOldGen       total 258048K, used 257545K [0x0000000080000000, 0x000000008fc00000, 0x00000000d5580000)
  object space 258048K, 99% used [0x0000000080000000,0x000000008fb82438,0x000000008fc00000)
 Metaspace       used 74992K, committed 76672K, reserved 1179648K
  class space    used 7855K, committed 8576K, reserved 1048576K
}
Event: 22.885 GC heap after
{Heap after GC invocations=377 (full 3):
 PSYoungGen      total 3072K, used 478K [0x00000000d5580000, 0x00000000d5980000, 0x0000000100000000)
  eden space 2560K, 0% used [0x00000000d5580000,0x00000000d5580000,0x00000000d5800000)
  from space 512K, 93% used [0x00000000d5900000,0x00000000d5977880,0x00000000d5980000)
  to   space 512K, 0% used [0x00000000d5880000,0x00000000d5880000,0x00000000d5900000)
 ParOldGen       total 258048K, used 257939K [0x0000000080000000, 0x000000008fc00000, 0x00000000d5580000)
  object space 258048K, 99% used [0x0000000080000000,0x000000008fbe4d50,0x000000008fc00000)
 Metaspace       used 74992K, committed 76672K, reserved 1179648K
  class space    used 7855K, committed 8576K, reserved 1048576K
}
Event: 22.905 GC heap before
{Heap before GC invocations=378 (full 3):
 PSYoungGen      total 3072K, used 3038K [0x00000000d5580000, 0x00000000d5980000, 0x0000000100000000)
  eden space 2560K, 100% used [0x00000000d5580000,0x00000000d5800000,0x00000000d5800000)
  from space 512K, 93% used [0x00000000d5900000,0x00000000d5977880,0x00000000d5980000)
  to   space 512K, 0% used [0x00000000d5880000,0x00000000d5880000,0x00000000d5900000)
 ParOldGen       total 258048K, used 257939K [0x0000000080000000, 0x000000008fc00000, 0x00000000d5580000)
  object space 258048K, 99% used [0x0000000080000000,0x000000008fbe4d50,0x000000008fc00000)
 Metaspace       used 75087K, committed 76736K, reserved 1179648K
  class space    used 7856K, committed 8576K, reserved 1048576K
}
Event: 22.907 GC heap after
{Heap after GC invocations=378 (full 3):
 PSYoungGen      total 3072K, used 447K [0x00000000d5580000, 0x00000000d5980000, 0x0000000100000000)
  eden space 2560K, 0% used [0x00000000d5580000,0x00000000d5580000,0x00000000d5800000)
  from space 512K, 87% used [0x00000000d5880000,0x00000000d58efe28,0x00000000d5900000)
  to   space 512K, 0% used [0x00000000d5900000,0x00000000d5900000,0x00000000d5980000)
 ParOldGen       total 258560K, used 258298K [0x0000000080000000, 0x000000008fc80000, 0x00000000d5580000)
  object space 258560K, 99% used [0x0000000080000000,0x000000008fc3e9d0,0x000000008fc80000)
 Metaspace       used 75087K, committed 76736K, reserved 1179648K
  class space    used 7856K, committed 8576K, reserved 1048576K
}
Event: 22.922 GC heap before
{Heap before GC invocations=379 (full 3):
 PSYoungGen      total 3072K, used 3007K [0x00000000d5580000, 0x00000000d5980000, 0x0000000100000000)
  eden space 2560K, 100% used [0x00000000d5580000,0x00000000d5800000,0x00000000d5800000)
  from space 512K, 87% used [0x00000000d5880000,0x00000000d58efe28,0x00000000d5900000)
  to   space 512K, 0% used [0x00000000d5900000,0x00000000d5900000,0x00000000d5980000)
 ParOldGen       total 258560K, used 258304K [0x0000000080000000, 0x000000008fc80000, 0x00000000d5580000)
  object space 258560K, 99% used [0x0000000080000000,0x000000008fc403e0,0x000000008fc80000)
 Metaspace       used 75113K, committed 76800K, reserved 1179648K
  class space    used 7860K, committed 8576K, reserved 1048576K
}
Event: 22.924 GC heap after
{Heap after GC invocations=379 (full 3):
 PSYoungGen      total 3072K, used 481K [0x00000000d5580000, 0x00000000d5980000, 0x0000000100000000)
  eden space 2560K, 0% used [0x00000000d5580000,0x00000000d5580000,0x00000000d5800000)
  from space 512K, 94% used [0x00000000d5900000,0x00000000d59786b0,0x00000000d5980000)
  to   space 512K, 0% used [0x00000000d5880000,0x00000000d5880000,0x00000000d5900000)
 ParOldGen       total 259072K, used 258677K [0x0000000080000000, 0x000000008fd00000, 0x00000000d5580000)
  object space 259072K, 99% used [0x0000000080000000,0x000000008fc9d658,0x000000008fd00000)
 Metaspace       used 75113K, committed 76800K, reserved 1179648K
  class space    used 7860K, committed 8576K, reserved 1048576K
}
Event: 22.944 GC heap before
{Heap before GC invocations=380 (full 3):
 PSYoungGen      total 3072K, used 3041K [0x00000000d5580000, 0x00000000d5980000, 0x0000000100000000)
  eden space 2560K, 100% used [0x00000000d5580000,0x00000000d5800000,0x00000000d5800000)
  from space 512K, 94% used [0x00000000d5900000,0x00000000d59786b0,0x00000000d5980000)
  to   space 512K, 0% used [0x00000000d5880000,0x00000000d5880000,0x00000000d5900000)
 ParOldGen       total 259072K, used 258682K [0x0000000080000000, 0x000000008fd00000, 0x00000000d5580000)
  object space 259072K, 99% used [0x0000000080000000,0x000000008fc9e948,0x000000008fd00000)
 Metaspace       used 75184K, committed 76864K, reserved 1179648K
  class space    used 7868K, committed 8576K, reserved 1048576K
}
Event: 22.946 GC heap after
{Heap after GC invocations=380 (full 3):
 PSYoungGen      total 3072K, used 496K [0x00000000d5580000, 0x00000000d5980000, 0x0000000100000000)
  eden space 2560K, 0% used [0x00000000d5580000,0x00000000d5580000,0x00000000d5800000)
  from space 512K, 96% used [0x00000000d5880000,0x00000000d58fc010,0x00000000d5900000)
  to   space 512K, 0% used [0x00000000d5900000,0x00000000d5900000,0x00000000d5980000)
 ParOldGen       total 259072K, used 259054K [0x0000000080000000, 0x000000008fd00000, 0x00000000d5580000)
  object space 259072K, 99% used [0x0000000080000000,0x000000008fcfb970,0x000000008fd00000)
 Metaspace       used 75184K, committed 76864K, reserved 1179648K
  class space    used 7868K, committed 8576K, reserved 1048576K
}
Event: 22.980 GC heap before
{Heap before GC invocations=381 (full 3):
 PSYoungGen      total 3072K, used 3054K [0x00000000d5580000, 0x00000000d5980000, 0x0000000100000000)
  eden space 2560K, 99% used [0x00000000d5580000,0x00000000d57ff9c0,0x00000000d5800000)
  from space 512K, 96% used [0x00000000d5880000,0x00000000d58fc010,0x00000000d5900000)
  to   space 512K, 0% used [0x00000000d5900000,0x00000000d5900000,0x00000000d5980000)
 ParOldGen       total 259072K, used 259054K [0x0000000080000000, 0x000000008fd00000, 0x00000000d5580000)
  object space 259072K, 99% used [0x0000000080000000,0x000000008fcfb970,0x000000008fd00000)
 Metaspace       used 75305K, committed 77056K, reserved 1179648K
  class space    used 7879K, committed 8640K, reserved 1048576K
}
Event: 22.982 GC heap after
{Heap after GC invocations=381 (full 3):
 PSYoungGen      total 3072K, used 448K [0x00000000d5580000, 0x00000000d5980000, 0x0000000100000000)
  eden space 2560K, 0% used [0x00000000d5580000,0x00000000d5580000,0x00000000d5800000)
  from space 512K, 87% used [0x00000000d5900000,0x00000000d5970090,0x00000000d5980000)
  to   space 512K, 0% used [0x00000000d5880000,0x00000000d5880000,0x00000000d5900000)
 ParOldGen       total 259584K, used 259398K [0x0000000080000000, 0x000000008fd80000, 0x00000000d5580000)
  object space 259584K, 99% used [0x0000000080000000,0x000000008fd51998,0x000000008fd80000)
 Metaspace       used 75305K, committed 77056K, reserved 1179648K
  class space    used 7879K, committed 8640K, reserved 1048576K
}
Event: 23.006 GC heap before
{Heap before GC invocations=382 (full 3):
 PSYoungGen      total 3072K, used 3008K [0x00000000d5580000, 0x00000000d5980000, 0x0000000100000000)
  eden space 2560K, 100% used [0x00000000d5580000,0x00000000d5800000,0x00000000d5800000)
  from space 512K, 87% used [0x00000000d5900000,0x00000000d5970090,0x00000000d5980000)
  to   space 512K, 0% used [0x00000000d5880000,0x00000000d5880000,0x00000000d5900000)
 ParOldGen       total 259584K, used 259398K [0x0000000080000000, 0x000000008fd80000, 0x00000000d5580000)
  object space 259584K, 99% used [0x0000000080000000,0x000000008fd51998,0x000000008fd80000)
 Metaspace       used 75311K, committed 77056K, reserved 1179648K
  class space    used 7880K, committed 8640K, reserved 1048576K
}
Event: 23.010 GC heap after
{Heap after GC invocations=382 (full 3):
 PSYoungGen      total 3072K, used 384K [0x00000000d5580000, 0x00000000d5980000, 0x0000000100000000)
  eden space 2560K, 0% used [0x00000000d5580000,0x00000000d5580000,0x00000000d5800000)
  from space 512K, 75% used [0x00000000d5880000,0x00000000d58e0000,0x00000000d5900000)
  to   space 512K, 0% used [0x00000000d5900000,0x00000000d5900000,0x00000000d5980000)
 ParOldGen       total 260096K, used 259711K [0x0000000080000000, 0x000000008fe00000, 0x00000000d5580000)
  object space 260096K, 99% used [0x0000000080000000,0x000000008fd9fd60,0x000000008fe00000)
 Metaspace       used 75311K, committed 77056K, reserved 1179648K
  class space    used 7880K, committed 8640K, reserved 1048576K
}
Event: 23.285 GC heap before
{Heap before GC invocations=383 (full 3):
 PSYoungGen      total 3072K, used 2944K [0x00000000d5580000, 0x00000000d5980000, 0x0000000100000000)
  eden space 2560K, 100% used [0x00000000d5580000,0x00000000d5800000,0x00000000d5800000)
  from space 512K, 75% used [0x00000000d5880000,0x00000000d58e0000,0x00000000d5900000)
  to   space 512K, 0% used [0x00000000d5900000,0x00000000d5900000,0x00000000d5980000)
 ParOldGen       total 260096K, used 259711K [0x0000000080000000, 0x000000008fe00000, 0x00000000d5580000)
  object space 260096K, 99% used [0x0000000080000000,0x000000008fd9fd88,0x000000008fe00000)
 Metaspace       used 75311K, committed 77056K, reserved 1179648K
  class space    used 7880K, committed 8640K, reserved 1048576K
}
Event: 23.287 GC heap after
{Heap after GC invocations=383 (full 3):
 PSYoungGen      total 3072K, used 416K [0x00000000d5580000, 0x00000000d5980000, 0x0000000100000000)
  eden space 2560K, 0% used [0x00000000d5580000,0x00000000d5580000,0x00000000d5800000)
  from space 512K, 81% used [0x00000000d5900000,0x00000000d5968000,0x00000000d5980000)
  to   space 512K, 0% used [0x00000000d5880000,0x00000000d5880000,0x00000000d5900000)
 ParOldGen       total 260096K, used 260026K [0x0000000080000000, 0x000000008fe00000, 0x00000000d5580000)
  object space 260096K, 99% used [0x0000000080000000,0x000000008fdee9a0,0x000000008fe00000)
 Metaspace       used 75311K, committed 77056K, reserved 1179648K
  class space    used 7880K, committed 8640K, reserved 1048576K
}
Event: 23.295 GC heap before
{Heap before GC invocations=384 (full 3):
 PSYoungGen      total 3072K, used 2976K [0x00000000d5580000, 0x00000000d5980000, 0x0000000100000000)
  eden space 2560K, 100% used [0x00000000d5580000,0x00000000d5800000,0x00000000d5800000)
  from space 512K, 81% used [0x00000000d5900000,0x00000000d5968000,0x00000000d5980000)
  to   space 512K, 0% used [0x00000000d5880000,0x00000000d5880000,0x00000000d5900000)
 ParOldGen       total 260096K, used 260030K [0x0000000080000000, 0x000000008fe00000, 0x00000000d5580000)
  object space 260096K, 99% used [0x0000000080000000,0x000000008fdef900,0x000000008fe00000)
 Metaspace       used 75313K, committed 77056K, reserved 1179648K
  class space    used 7880K, committed 8640K, reserved 1048576K
}
Event: 23.298 GC heap after
{Heap after GC invocations=384 (full 3):
 PSYoungGen      total 3072K, used 480K [0x00000000d5580000, 0x00000000d5980000, 0x0000000100000000)
  eden space 2560K, 0% used [0x00000000d5580000,0x00000000d5580000,0x00000000d5800000)
  from space 512K, 93% used [0x00000000d5880000,0x00000000d58f8000,0x00000000d5900000)
  to   space 512K, 0% used [0x00000000d5900000,0x00000000d5900000,0x00000000d5980000)
 ParOldGen       total 260608K, used 260312K [0x0000000080000000, 0x000000008fe80000, 0x00000000d5580000)
  object space 260608K, 99% used [0x0000000080000000,0x000000008fe360c0,0x000000008fe80000)
 Metaspace       used 75313K, committed 77056K, reserved 1179648K
  class space    used 7880K, committed 8640K, reserved 1048576K
}

