# JRE version: OpenJDK Runtime Environment Temurin-21.0.8+9 (21.0.8+9) (build 21.0.8+9-LTS)
# Java VM: OpenJDK 64-Bit Server VM Temurin-21.0.8+9 (21.0.8+9-LTS, mixed mode, sharing, tiered, compressed oops, compressed class ptrs, parallel gc, windows-amd64)
GC Precious Log:
 CardTable entry size: 512
 CPUs: 8 total, 8 available
 Memory: 5965M
 Large Page Support: Disabled
 NUMA Support: Disabled
 Compressed Oops: Enabled (32-bit)
 Alignments: Space 512K, Generation 512K, Heap 2M
 Heap Min Capacity: 100M
 Heap Initial Capacity: 100M
 Heap Max Capacity: 2G
 Pre-touch: Disabled
 Parallel Workers: 8
Heap:
 PSYoungGen      total 6656K, used 3598K [0x00000000d5580000, 0x00000000d5d80000, 0x0000000100000000)
  eden space 5632K, 60% used [0x00000000d5580000,0x00000000d58da640,0x00000000d5b00000)
  from space 1024K, 25% used [0x00000000d5b00000,0x00000000d5b40000,0x00000000d5c00000)
  to   space 512K, 0% used [0x00000000d5d00000,0x00000000d5d00000,0x00000000d5d80000)
 ParOldGen       total 398336K, used 398267K [0x0000000080000000, 0x0000000098500000, 0x00000000d5580000)
  object space 398336K, 99% used [0x0000000080000000,0x00000000984eec10,0x0000000098500000)
 Metaspace       used 65607K, committed 67200K, reserved 1114112K
  class space    used 6932K, committed 7616K, reserved 1048576K
GC Heap History (20 events):
Event: 39.147 GC heap before
{Heap before GC invocations=1237 (full 4):
 PSYoungGen      total 2560K, used 2536K [0x00000000d5580000, 0x00000000d5c80000, 0x0000000100000000)
  eden space 2048K, 100% used [0x00000000d5580000,0x00000000d5780000,0x00000000d5780000)
  from space 512K, 95% used [0x00000000d5980000,0x00000000d59fa108,0x00000000d5a00000)
  to   space 2048K, 0% used [0x00000000d5780000,0x00000000d5780000,0x00000000d5980000)
 ParOldGen       total 393216K, used 393011K [0x0000000080000000, 0x0000000098000000, 0x00000000d5580000)
  object space 393216K, 99% used [0x0000000080000000,0x0000000097fccc68,0x0000000098000000)
 Metaspace       used 65514K, committed 67136K, reserved 1114112K
  class space    used 6925K, committed 7616K, reserved 1048576K
}
Event: 39.149 GC heap after
{Heap after GC invocations=1237 (full 4):
 PSYoungGen      total 2560K, used 192K [0x00000000d5580000, 0x00000000d5a00000, 0x0000000100000000)
  eden space 2048K, 0% used [0x00000000d5580000,0x00000000d5580000,0x00000000d5780000)
  from space 512K, 37% used [0x00000000d5780000,0x00000000d57b0000,0x00000000d5800000)
  to   space 1024K, 0% used [0x00000000d5900000,0x00000000d5900000,0x00000000d5a00000)
 ParOldGen       total 393728K, used 393404K [0x0000000080000000, 0x0000000098080000, 0x00000000d5580000)
  object space 393728K, 99% used [0x0000000080000000,0x000000009802f220,0x0000000098080000)
 Metaspace       used 65514K, committed 67136K, reserved 1114112K
  class space    used 6925K, committed 7616K, reserved 1048576K
}
Event: 39.168 GC heap before
{Heap before GC invocations=1238 (full 4):
 PSYoungGen      total 2560K, used 2240K [0x00000000d5580000, 0x00000000d5a00000, 0x0000000100000000)
  eden space 2048K, 100% used [0x00000000d5580000,0x00000000d5780000,0x00000000d5780000)
  from space 512K, 37% used [0x00000000d5780000,0x00000000d57b0000,0x00000000d5800000)
  to   space 1024K, 0% used [0x00000000d5900000,0x00000000d5900000,0x00000000d5a00000)
 ParOldGen       total 393728K, used 393404K [0x0000000080000000, 0x0000000098080000, 0x00000000d5580000)
  object space 393728K, 99% used [0x0000000080000000,0x000000009802f220,0x0000000098080000)
 Metaspace       used 65525K, committed 67136K, reserved 1114112K
  class space    used 6925K, committed 7616K, reserved 1048576K
}
Event: 39.170 GC heap after
{Heap after GC invocations=1238 (full 4):
 PSYoungGen      total 2560K, used 374K [0x00000000d5580000, 0x00000000d5980000, 0x0000000100000000)
  eden space 2048K, 0% used [0x00000000d5580000,0x00000000d5580000,0x00000000d5780000)
  from space 512K, 73% used [0x00000000d5900000,0x00000000d595da20,0x00000000d5980000)
  to   space 512K, 0% used [0x00000000d5780000,0x00000000d5780000,0x00000000d5800000)
 ParOldGen       total 393728K, used 393484K [0x0000000080000000, 0x0000000098080000, 0x00000000d5580000)
  object space 393728K, 99% used [0x0000000080000000,0x0000000098043220,0x0000000098080000)
 Metaspace       used 65525K, committed 67136K, reserved 1114112K
  class space    used 6925K, committed 7616K, reserved 1048576K
}
Event: 39.177 GC heap before
{Heap before GC invocations=1239 (full 4):
 PSYoungGen      total 2560K, used 2422K [0x00000000d5580000, 0x00000000d5980000, 0x0000000100000000)
  eden space 2048K, 100% used [0x00000000d5580000,0x00000000d5780000,0x00000000d5780000)
  from space 512K, 73% used [0x00000000d5900000,0x00000000d595da20,0x00000000d5980000)
  to   space 512K, 0% used [0x00000000d5780000,0x00000000d5780000,0x00000000d5800000)
 ParOldGen       total 393728K, used 393484K [0x0000000080000000, 0x0000000098080000, 0x00000000d5580000)
  object space 393728K, 99% used [0x0000000080000000,0x0000000098043220,0x0000000098080000)
 Metaspace       used 65529K, committed 67136K, reserved 1114112K
  class space    used 6926K, committed 7616K, reserved 1048576K
}
Event: 39.179 GC heap after
{Heap after GC invocations=1239 (full 4):
 PSYoungGen      total 2560K, used 320K [0x00000000d5580000, 0x00000000d5980000, 0x0000000100000000)
  eden space 2048K, 0% used [0x00000000d5580000,0x00000000d5580000,0x00000000d5780000)
  from space 512K, 62% used [0x00000000d5780000,0x00000000d57d0000,0x00000000d5800000)
  to   space 512K, 0% used [0x00000000d5900000,0x00000000d5900000,0x00000000d5980000)
 ParOldGen       total 393728K, used 393596K [0x0000000080000000, 0x0000000098080000, 0x00000000d5580000)
  object space 393728K, 99% used [0x0000000080000000,0x000000009805f220,0x0000000098080000)
 Metaspace       used 65529K, committed 67136K, reserved 1114112K
  class space    used 6926K, committed 7616K, reserved 1048576K
}
Event: 39.184 GC heap before
{Heap before GC invocations=1240 (full 4):
 PSYoungGen      total 2560K, used 2368K [0x00000000d5580000, 0x00000000d5980000, 0x0000000100000000)
  eden space 2048K, 100% used [0x00000000d5580000,0x00000000d5780000,0x00000000d5780000)
  from space 512K, 62% used [0x00000000d5780000,0x00000000d57d0000,0x00000000d5800000)
  to   space 512K, 0% used [0x00000000d5900000,0x00000000d5900000,0x00000000d5980000)
 ParOldGen       total 393728K, used 393596K [0x0000000080000000, 0x0000000098080000, 0x00000000d5580000)
  object space 393728K, 99% used [0x0000000080000000,0x000000009805f220,0x0000000098080000)
 Metaspace       used 65531K, committed 67136K, reserved 1114112K
  class space    used 6926K, committed 7616K, reserved 1048576K
}
Event: 39.186 GC heap after
{Heap after GC invocations=1240 (full 4):
 PSYoungGen      total 2560K, used 256K [0x00000000d5580000, 0x00000000d5980000, 0x0000000100000000)
  eden space 2048K, 0% used [0x00000000d5580000,0x00000000d5580000,0x00000000d5780000)
  from space 512K, 50% used [0x00000000d5900000,0x00000000d5940000,0x00000000d5980000)
  to   space 512K, 0% used [0x00000000d5780000,0x00000000d5780000,0x00000000d5800000)
 ParOldGen       total 394240K, used 393824K [0x0000000080000000, 0x0000000098100000, 0x00000000d5580000)
  object space 394240K, 99% used [0x0000000080000000,0x00000000980982b0,0x0000000098100000)
 Metaspace       used 65531K, committed 67136K, reserved 1114112K
  class space    used 6926K, committed 7616K, reserved 1048576K
}
Event: 39.191 GC heap before
{Heap before GC invocations=1241 (full 4):
 PSYoungGen      total 2560K, used 2304K [0x00000000d5580000, 0x00000000d5980000, 0x0000000100000000)
  eden space 2048K, 100% used [0x00000000d5580000,0x00000000d5780000,0x00000000d5780000)
  from space 512K, 50% used [0x00000000d5900000,0x00000000d5940000,0x00000000d5980000)
  to   space 512K, 0% used [0x00000000d5780000,0x00000000d5780000,0x00000000d5800000)
 ParOldGen       total 394240K, used 393824K [0x0000000080000000, 0x0000000098100000, 0x00000000d5580000)
  object space 394240K, 99% used [0x0000000080000000,0x00000000980982b0,0x0000000098100000)
 Metaspace       used 65531K, committed 67136K, reserved 1114112K
  class space    used 6926K, committed 7616K, reserved 1048576K
}
Event: 39.192 GC heap after
{Heap after GC invocations=1241 (full 4):
 PSYoungGen      total 2560K, used 355K [0x00000000d5580000, 0x00000000d5980000, 0x0000000100000000)
  eden space 2048K, 0% used [0x00000000d5580000,0x00000000d5580000,0x00000000d5780000)
  from space 512K, 69% used [0x00000000d5780000,0x00000000d57d8df8,0x00000000d5800000)
  to   space 512K, 0% used [0x00000000d5900000,0x00000000d5900000,0x00000000d5980000)
 ParOldGen       total 394240K, used 393960K [0x0000000080000000, 0x0000000098100000, 0x00000000d5580000)
  object space 394240K, 99% used [0x0000000080000000,0x00000000980ba2b0,0x0000000098100000)
 Metaspace       used 65531K, committed 67136K, reserved 1114112K
  class space    used 6926K, committed 7616K, reserved 1048576K
}
Event: 39.197 GC heap before
{Heap before GC invocations=1242 (full 4):
 PSYoungGen      total 2560K, used 2403K [0x00000000d5580000, 0x00000000d5980000, 0x0000000100000000)
  eden space 2048K, 100% used [0x00000000d5580000,0x00000000d5780000,0x00000000d5780000)
  from space 512K, 69% used [0x00000000d5780000,0x00000000d57d8df8,0x00000000d5800000)
  to   space 512K, 0% used [0x00000000d5900000,0x00000000d5900000,0x00000000d5980000)
 ParOldGen       total 394240K, used 393960K [0x0000000080000000, 0x0000000098100000, 0x00000000d5580000)
  object space 394240K, 99% used [0x0000000080000000,0x00000000980ba2b0,0x0000000098100000)
 Metaspace       used 65531K, committed 67136K, reserved 1114112K
  class space    used 6926K, committed 7616K, reserved 1048576K
}
Event: 39.199 GC heap after
{Heap after GC invocations=1242 (full 4):
 PSYoungGen      total 3072K, used 256K [0x00000000d5580000, 0x00000000d5980000, 0x0000000100000000)
  eden space 2560K, 0% used [0x00000000d5580000,0x00000000d5580000,0x00000000d5800000)
  from space 512K, 50% used [0x00000000d5900000,0x00000000d5940000,0x00000000d5980000)
  to   space 512K, 0% used [0x00000000d5880000,0x00000000d5880000,0x00000000d5900000)
 ParOldGen       total 394240K, used 394056K [0x0000000080000000, 0x0000000098100000, 0x00000000d5580000)
  object space 394240K, 99% used [0x0000000080000000,0x00000000980d22b0,0x0000000098100000)
 Metaspace       used 65531K, committed 67136K, reserved 1114112K
  class space    used 6926K, committed 7616K, reserved 1048576K
}
Event: 39.206 GC heap before
{Heap before GC invocations=1243 (full 4):
 PSYoungGen      total 3072K, used 2816K [0x00000000d5580000, 0x00000000d5980000, 0x0000000100000000)
  eden space 2560K, 100% used [0x00000000d5580000,0x00000000d5800000,0x00000000d5800000)
  from space 512K, 50% used [0x00000000d5900000,0x00000000d5940000,0x00000000d5980000)
  to   space 512K, 0% used [0x00000000d5880000,0x00000000d5880000,0x00000000d5900000)
 ParOldGen       total 394240K, used 394056K [0x0000000080000000, 0x0000000098100000, 0x00000000d5580000)
  object space 394240K, 99% used [0x0000000080000000,0x00000000980d22b0,0x0000000098100000)
 Metaspace       used 65531K, committed 67136K, reserved 1114112K
  class space    used 6926K, committed 7616K, reserved 1048576K
}
Event: 39.208 GC heap after
{Heap after GC invocations=1243 (full 4):
 PSYoungGen      total 3584K, used 356K [0x00000000d5580000, 0x00000000d5980000, 0x0000000100000000)
  eden space 3072K, 0% used [0x00000000d5580000,0x00000000d5580000,0x00000000d5880000)
  from space 512K, 69% used [0x00000000d5880000,0x00000000d58d91f8,0x00000000d5900000)
  to   space 512K, 0% used [0x00000000d5900000,0x00000000d5900000,0x00000000d5980000)
 ParOldGen       total 394240K, used 394136K [0x0000000080000000, 0x0000000098100000, 0x00000000d5580000)
  object space 394240K, 99% used [0x0000000080000000,0x00000000980e62b0,0x0000000098100000)
 Metaspace       used 65531K, committed 67136K, reserved 1114112K
  class space    used 6926K, committed 7616K, reserved 1048576K
}
Event: 39.213 GC heap before
{Heap before GC invocations=1244 (full 4):
 PSYoungGen      total 3584K, used 3419K [0x00000000d5580000, 0x00000000d5980000, 0x0000000100000000)
  eden space 3072K, 99% used [0x00000000d5580000,0x00000000d587da88,0x00000000d5880000)
  from space 512K, 69% used [0x00000000d5880000,0x00000000d58d91f8,0x00000000d5900000)
  to   space 512K, 0% used [0x00000000d5900000,0x00000000d5900000,0x00000000d5980000)
 ParOldGen       total 394240K, used 394136K [0x0000000080000000, 0x0000000098100000, 0x00000000d5580000)
  object space 394240K, 99% used [0x0000000080000000,0x00000000980e62b0,0x0000000098100000)
 Metaspace       used 65532K, committed 67136K, reserved 1114112K
  class space    used 6926K, committed 7616K, reserved 1048576K
}
Event: 39.215 GC heap after
{Heap after GC invocations=1244 (full 4):
 PSYoungGen      total 3584K, used 319K [0x00000000d5580000, 0x00000000d5a80000, 0x0000000100000000)
  eden space 3072K, 0% used [0x00000000d5580000,0x00000000d5580000,0x00000000d5880000)
  from space 512K, 62% used [0x00000000d5900000,0x00000000d594fdb8,0x00000000d5980000)
  to   space 512K, 0% used [0x00000000d5880000,0x00000000d5880000,0x00000000d5900000)
 ParOldGen       total 394240K, used 394224K [0x0000000080000000, 0x0000000098100000, 0x00000000d5580000)
  object space 394240K, 99% used [0x0000000080000000,0x00000000980fc2b0,0x0000000098100000)
 Metaspace       used 65532K, committed 67136K, reserved 1114112K
  class space    used 6926K, committed 7616K, reserved 1048576K
}
Event: 39.229 GC heap before
{Heap before GC invocations=1245 (full 4):
 PSYoungGen      total 3584K, used 3391K [0x00000000d5580000, 0x00000000d5a80000, 0x0000000100000000)
  eden space 3072K, 99% used [0x00000000d5580000,0x00000000d587ffa8,0x00000000d5880000)
  from space 512K, 62% used [0x00000000d5900000,0x00000000d594fdb8,0x00000000d5980000)
  to   space 512K, 0% used [0x00000000d5880000,0x00000000d5880000,0x00000000d5900000)
 ParOldGen       total 394240K, used 394224K [0x0000000080000000, 0x0000000098100000, 0x00000000d5580000)
  object space 394240K, 99% used [0x0000000080000000,0x00000000980fc2b0,0x0000000098100000)
 Metaspace       used 65544K, committed 67136K, reserved 1114112K
  class space    used 6927K, committed 7616K, reserved 1048576K
}
Event: 39.231 GC heap after
{Heap after GC invocations=1245 (full 4):
 PSYoungGen      total 3584K, used 320K [0x00000000d5580000, 0x00000000d5a80000, 0x0000000100000000)
  eden space 3072K, 0% used [0x00000000d5580000,0x00000000d5580000,0x00000000d5880000)
  from space 512K, 62% used [0x00000000d5880000,0x00000000d58d0020,0x00000000d5900000)
  to   space 512K, 0% used [0x00000000d5a00000,0x00000000d5a00000,0x00000000d5a80000)
 ParOldGen       total 395776K, used 395018K [0x0000000080000000, 0x0000000098280000, 0x00000000d5580000)
  object space 395776K, 99% used [0x0000000080000000,0x00000000981c2958,0x0000000098280000)
 Metaspace       used 65544K, committed 67136K, reserved 1114112K
  class space    used 6927K, committed 7616K, reserved 1048576K
}
Event: 39.236 GC heap before
{Heap before GC invocations=1246 (full 4):
 PSYoungGen      total 3584K, used 3392K [0x00000000d5580000, 0x00000000d5a80000, 0x0000000100000000)
  eden space 3072K, 100% used [0x00000000d5580000,0x00000000d5880000,0x00000000d5880000)
  from space 512K, 62% used [0x00000000d5880000,0x00000000d58d0020,0x00000000d5900000)
  to   space 512K, 0% used [0x00000000d5a00000,0x00000000d5a00000,0x00000000d5a80000)
 ParOldGen       total 395776K, used 395018K [0x0000000080000000, 0x0000000098280000, 0x00000000d5580000)
  object space 395776K, 99% used [0x0000000080000000,0x00000000981c2958,0x0000000098280000)
 Metaspace       used 65551K, committed 67136K, reserved 1114112K
  class space    used 6928K, committed 7616K, reserved 1048576K
}
Event: 40.253 GC heap after
{Heap after GC invocations=1246 (full 4):
 PSYoungGen      total 4096K, used 482K [0x00000000d5580000, 0x00000000d5b80000, 0x0000000100000000)
  eden space 3584K, 0% used [0x00000000d5580000,0x00000000d5580000,0x00000000d5900000)
  from space 512K, 94% used [0x00000000d5a00000,0x00000000d5a78b38,0x00000000d5a80000)
  to   space 1024K, 0% used [0x00000000d5900000,0x00000000d5900000,0x00000000d5a00000)
 ParOldGen       total 395776K, used 395421K [0x0000000080000000, 0x0000000098280000, 0x00000000d5580000)
  object space 395776K, 99% used [0x0000000080000000,0x0000000098227660,0x0000000098280000)
 Metaspace       used 65551K, committed 67136K, reserved 1114112K
  class space    used 6928K, committed 7616K, reserved 1048576K
}

