# JRE version: OpenJDK Runtime Environment Temurin-21.0.8+9 (21.0.8+9) (build 21.0.8+9-LTS)
# Java VM: OpenJDK 64-Bit Server VM Temurin-21.0.8+9 (21.0.8+9-LTS, mixed mode, sharing, tiered, compressed oops, compressed class ptrs, parallel gc, windows-amd64)
GC Precious Log:
 CardTable entry size: 512
 CPUs: 8 total, 8 available
 Memory: 3895M
 Large Page Support: Disabled
 NUMA Support: Disabled
 Compressed Oops: Enabled (32-bit)
 Alignments: Space 512K, Generation 512K, Heap 2M
 Heap Min Capacity: 100M
 Heap Initial Capacity: 100M
 Heap Max Capacity: 2G
 Pre-touch: Disabled
 Parallel Workers: 8
Heap:
 PSYoungGen      total 7168K, used 4007K [0x00000000d5580000, 0x00000000d6100000, 0x0000000100000000)
  eden space 6656K, 53% used [0x00000000d5580000,0x00000000d58f1f58,0x00000000d5c00000)
  from space 512K, 93% used [0x00000000d5e00000,0x00000000d5e78010,0x00000000d5e80000)
  to   space 2048K, 0% used [0x00000000d5c00000,0x00000000d5c00000,0x00000000d5e00000)
 ParOldGen       total 840704K, used 840703K [0x0000000080000000, 0x00000000b3500000, 0x00000000d5580000)
  object space 840704K, 99% used [0x0000000080000000,0x00000000b34ffc58,0x00000000b3500000)
 Metaspace       used 73810K, committed 75584K, reserved 1179648K
  class space    used 7804K, committed 8576K, reserved 1048576K
GC Heap History (20 events):
Event: 57.608 GC heap before
{Heap before GC invocations=874 (full 3):
 PSYoungGen      total 8192K, used 8183K [0x00000000d5580000, 0x00000000d5f80000, 0x0000000100000000)
  eden space 7680K, 100% used [0x00000000d5580000,0x00000000d5d00000,0x00000000d5d00000)
  from space 512K, 98% used [0x00000000d5f00000,0x00000000d5f7ddd0,0x00000000d5f80000)
  to   space 1024K, 0% used [0x00000000d5d80000,0x00000000d5d80000,0x00000000d5e80000)
 ParOldGen       total 836096K, used 835922K [0x0000000080000000, 0x00000000b3080000, 0x00000000d5580000)
  object space 836096K, 99% used [0x0000000080000000,0x00000000b3054938,0x00000000b3080000)
 Metaspace       used 73538K, committed 75264K, reserved 1179648K
  class space    used 7763K, committed 8512K, reserved 1048576K
}
Event: 57.611 GC heap after
{Heap after GC invocations=874 (full 3):
 PSYoungGen      total 8704K, used 607K [0x00000000d5580000, 0x00000000d5f80000, 0x0000000100000000)
  eden space 7680K, 0% used [0x00000000d5580000,0x00000000d5580000,0x00000000d5d00000)
  from space 1024K, 59% used [0x00000000d5d80000,0x00000000d5e17cb0,0x00000000d5e80000)
  to   space 1024K, 0% used [0x00000000d5e80000,0x00000000d5e80000,0x00000000d5f80000)
 ParOldGen       total 836608K, used 836315K [0x0000000080000000, 0x00000000b3100000, 0x00000000d5580000)
  object space 836608K, 99% used [0x0000000080000000,0x00000000b30b6eb0,0x00000000b3100000)
 Metaspace       used 73538K, committed 75264K, reserved 1179648K
  class space    used 7763K, committed 8512K, reserved 1048576K
}
Event: 57.643 GC heap before
{Heap before GC invocations=875 (full 3):
 PSYoungGen      total 8704K, used 8287K [0x00000000d5580000, 0x00000000d5f80000, 0x0000000100000000)
  eden space 7680K, 100% used [0x00000000d5580000,0x00000000d5d00000,0x00000000d5d00000)
  from space 1024K, 59% used [0x00000000d5d80000,0x00000000d5e17cb0,0x00000000d5e80000)
  to   space 1024K, 0% used [0x00000000d5e80000,0x00000000d5e80000,0x00000000d5f80000)
 ParOldGen       total 836608K, used 836315K [0x0000000080000000, 0x00000000b3100000, 0x00000000d5580000)
  object space 836608K, 99% used [0x0000000080000000,0x00000000b30b6eb0,0x00000000b3100000)
 Metaspace       used 73538K, committed 75264K, reserved 1179648K
  class space    used 7763K, committed 8512K, reserved 1048576K
}
Event: 57.646 GC heap after
{Heap after GC invocations=875 (full 3):
 PSYoungGen      total 8704K, used 627K [0x00000000d5580000, 0x00000000d5f80000, 0x0000000100000000)
  eden space 7680K, 0% used [0x00000000d5580000,0x00000000d5580000,0x00000000d5d00000)
  from space 1024K, 61% used [0x00000000d5e80000,0x00000000d5f1cdc8,0x00000000d5f80000)
  to   space 1024K, 0% used [0x00000000d5d80000,0x00000000d5d80000,0x00000000d5e80000)
 ParOldGen       total 837120K, used 836646K [0x0000000080000000, 0x00000000b3180000, 0x00000000d5580000)
  object space 837120K, 99% used [0x0000000080000000,0x00000000b31098f0,0x00000000b3180000)
 Metaspace       used 73538K, committed 75264K, reserved 1179648K
  class space    used 7763K, committed 8512K, reserved 1048576K
}
Event: 57.673 GC heap before
{Heap before GC invocations=876 (full 3):
 PSYoungGen      total 8704K, used 8307K [0x00000000d5580000, 0x00000000d5f80000, 0x0000000100000000)
  eden space 7680K, 100% used [0x00000000d5580000,0x00000000d5d00000,0x00000000d5d00000)
  from space 1024K, 61% used [0x00000000d5e80000,0x00000000d5f1cdc8,0x00000000d5f80000)
  to   space 1024K, 0% used [0x00000000d5d80000,0x00000000d5d80000,0x00000000d5e80000)
 ParOldGen       total 837120K, used 836646K [0x0000000080000000, 0x00000000b3180000, 0x00000000d5580000)
  object space 837120K, 99% used [0x0000000080000000,0x00000000b31098f0,0x00000000b3180000)
 Metaspace       used 73539K, committed 75264K, reserved 1179648K
  class space    used 7763K, committed 8512K, reserved 1048576K
}
Event: 57.677 GC heap after
{Heap after GC invocations=876 (full 3):
 PSYoungGen      total 8192K, used 444K [0x00000000d5580000, 0x00000000d5f00000, 0x0000000100000000)
  eden space 7680K, 0% used [0x00000000d5580000,0x00000000d5580000,0x00000000d5d00000)
  from space 512K, 86% used [0x00000000d5d80000,0x00000000d5def008,0x00000000d5e00000)
  to   space 1024K, 0% used [0x00000000d5e00000,0x00000000d5e00000,0x00000000d5f00000)
 ParOldGen       total 837632K, used 837174K [0x0000000080000000, 0x00000000b3200000, 0x00000000d5580000)
  object space 837632K, 99% used [0x0000000080000000,0x00000000b318db38,0x00000000b3200000)
 Metaspace       used 73539K, committed 75264K, reserved 1179648K
  class space    used 7763K, committed 8512K, reserved 1048576K
}
Event: 57.693 GC heap before
{Heap before GC invocations=877 (full 3):
 PSYoungGen      total 8192K, used 8124K [0x00000000d5580000, 0x00000000d5f00000, 0x0000000100000000)
  eden space 7680K, 100% used [0x00000000d5580000,0x00000000d5d00000,0x00000000d5d00000)
  from space 512K, 86% used [0x00000000d5d80000,0x00000000d5def008,0x00000000d5e00000)
  to   space 1024K, 0% used [0x00000000d5e00000,0x00000000d5e00000,0x00000000d5f00000)
 ParOldGen       total 837632K, used 837174K [0x0000000080000000, 0x00000000b3200000, 0x00000000d5580000)
  object space 837632K, 99% used [0x0000000080000000,0x00000000b318db38,0x00000000b3200000)
 Metaspace       used 73539K, committed 75264K, reserved 1179648K
  class space    used 7763K, committed 8512K, reserved 1048576K
}
Event: 57.697 GC heap after
{Heap after GC invocations=877 (full 3):
 PSYoungGen      total 8192K, used 456K [0x00000000d5580000, 0x00000000d5e80000, 0x0000000100000000)
  eden space 7680K, 0% used [0x00000000d5580000,0x00000000d5580000,0x00000000d5d00000)
  from space 512K, 89% used [0x00000000d5e00000,0x00000000d5e72388,0x00000000d5e80000)
  to   space 512K, 0% used [0x00000000d5d80000,0x00000000d5d80000,0x00000000d5e00000)
 ParOldGen       total 837632K, used 837532K [0x0000000080000000, 0x00000000b3200000, 0x00000000d5580000)
  object space 837632K, 99% used [0x0000000080000000,0x00000000b31e7008,0x00000000b3200000)
 Metaspace       used 73539K, committed 75264K, reserved 1179648K
  class space    used 7763K, committed 8512K, reserved 1048576K
}
Event: 57.715 GC heap before
{Heap before GC invocations=878 (full 3):
 PSYoungGen      total 8192K, used 8136K [0x00000000d5580000, 0x00000000d5e80000, 0x0000000100000000)
  eden space 7680K, 100% used [0x00000000d5580000,0x00000000d5d00000,0x00000000d5d00000)
  from space 512K, 89% used [0x00000000d5e00000,0x00000000d5e72388,0x00000000d5e80000)
  to   space 512K, 0% used [0x00000000d5d80000,0x00000000d5d80000,0x00000000d5e00000)
 ParOldGen       total 837632K, used 837532K [0x0000000080000000, 0x00000000b3200000, 0x00000000d5580000)
  object space 837632K, 99% used [0x0000000080000000,0x00000000b31e7008,0x00000000b3200000)
 Metaspace       used 73539K, committed 75264K, reserved 1179648K
  class space    used 7763K, committed 8512K, reserved 1048576K
}
Event: 57.718 GC heap after
{Heap after GC invocations=878 (full 3):
 PSYoungGen      total 8192K, used 490K [0x00000000d5580000, 0x00000000d5f00000, 0x0000000100000000)
  eden space 7680K, 0% used [0x00000000d5580000,0x00000000d5580000,0x00000000d5d00000)
  from space 512K, 95% used [0x00000000d5d80000,0x00000000d5dfa930,0x00000000d5e00000)
  to   space 1024K, 0% used [0x00000000d5e00000,0x00000000d5e00000,0x00000000d5f00000)
 ParOldGen       total 838144K, used 837863K [0x0000000080000000, 0x00000000b3280000, 0x00000000d5580000)
  object space 838144K, 99% used [0x0000000080000000,0x00000000b3239c80,0x00000000b3280000)
 Metaspace       used 73539K, committed 75264K, reserved 1179648K
  class space    used 7763K, committed 8512K, reserved 1048576K
}
Event: 57.745 GC heap before
{Heap before GC invocations=879 (full 3):
 PSYoungGen      total 8192K, used 8170K [0x00000000d5580000, 0x00000000d5f00000, 0x0000000100000000)
  eden space 7680K, 100% used [0x00000000d5580000,0x00000000d5d00000,0x00000000d5d00000)
  from space 512K, 95% used [0x00000000d5d80000,0x00000000d5dfa930,0x00000000d5e00000)
  to   space 1024K, 0% used [0x00000000d5e00000,0x00000000d5e00000,0x00000000d5f00000)
 ParOldGen       total 838144K, used 837863K [0x0000000080000000, 0x00000000b3280000, 0x00000000d5580000)
  object space 838144K, 99% used [0x0000000080000000,0x00000000b3239c80,0x00000000b3280000)
 Metaspace       used 73539K, committed 75264K, reserved 1179648K
  class space    used 7763K, committed 8512K, reserved 1048576K
}
Event: 57.748 GC heap after
{Heap after GC invocations=879 (full 3):
 PSYoungGen      total 8704K, used 523K [0x00000000d5580000, 0x00000000d5f00000, 0x0000000100000000)
  eden space 7680K, 0% used [0x00000000d5580000,0x00000000d5580000,0x00000000d5d00000)
  from space 1024K, 51% used [0x00000000d5e00000,0x00000000d5e82c48,0x00000000d5f00000)
  to   space 1024K, 0% used [0x00000000d5d00000,0x00000000d5d00000,0x00000000d5e00000)
 ParOldGen       total 838656K, used 838322K [0x0000000080000000, 0x00000000b3300000, 0x00000000d5580000)
  object space 838656K, 99% used [0x0000000080000000,0x00000000b32aca68,0x00000000b3300000)
 Metaspace       used 73539K, committed 75264K, reserved 1179648K
  class space    used 7763K, committed 8512K, reserved 1048576K
}
Event: 57.768 GC heap before
{Heap before GC invocations=880 (full 3):
 PSYoungGen      total 8704K, used 8203K [0x00000000d5580000, 0x00000000d5f00000, 0x0000000100000000)
  eden space 7680K, 100% used [0x00000000d5580000,0x00000000d5d00000,0x00000000d5d00000)
  from space 1024K, 51% used [0x00000000d5e00000,0x00000000d5e82c48,0x00000000d5f00000)
  to   space 1024K, 0% used [0x00000000d5d00000,0x00000000d5d00000,0x00000000d5e00000)
 ParOldGen       total 838656K, used 838322K [0x0000000080000000, 0x00000000b3300000, 0x00000000d5580000)
  object space 838656K, 99% used [0x0000000080000000,0x00000000b32aca68,0x00000000b3300000)
 Metaspace       used 73539K, committed 75264K, reserved 1179648K
  class space    used 7763K, committed 8512K, reserved 1048576K
}
Event: 57.771 GC heap after
{Heap after GC invocations=880 (full 3):
 PSYoungGen      total 8704K, used 568K [0x00000000d5580000, 0x00000000d5f00000, 0x0000000100000000)
  eden space 7680K, 0% used [0x00000000d5580000,0x00000000d5580000,0x00000000d5d00000)
  from space 1024K, 55% used [0x00000000d5d00000,0x00000000d5d8e0d0,0x00000000d5e00000)
  to   space 1024K, 0% used [0x00000000d5e00000,0x00000000d5e00000,0x00000000d5f00000)
 ParOldGen       total 839168K, used 838768K [0x0000000080000000, 0x00000000b3380000, 0x00000000d5580000)
  object space 839168K, 99% used [0x0000000080000000,0x00000000b331c348,0x00000000b3380000)
 Metaspace       used 73539K, committed 75264K, reserved 1179648K
  class space    used 7763K, committed 8512K, reserved 1048576K
}
Event: 57.789 GC heap before
{Heap before GC invocations=881 (full 3):
 PSYoungGen      total 8704K, used 8248K [0x00000000d5580000, 0x00000000d5f00000, 0x0000000100000000)
  eden space 7680K, 100% used [0x00000000d5580000,0x00000000d5d00000,0x00000000d5d00000)
  from space 1024K, 55% used [0x00000000d5d00000,0x00000000d5d8e0d0,0x00000000d5e00000)
  to   space 1024K, 0% used [0x00000000d5e00000,0x00000000d5e00000,0x00000000d5f00000)
 ParOldGen       total 839168K, used 838768K [0x0000000080000000, 0x00000000b3380000, 0x00000000d5580000)
  object space 839168K, 99% used [0x0000000080000000,0x00000000b331c348,0x00000000b3380000)
 Metaspace       used 73540K, committed 75328K, reserved 1179648K
  class space    used 7763K, committed 8512K, reserved 1048576K
}
Event: 57.793 GC heap after
{Heap after GC invocations=881 (full 3):
 PSYoungGen      total 8704K, used 546K [0x00000000d5580000, 0x00000000d5f00000, 0x0000000100000000)
  eden space 7680K, 0% used [0x00000000d5580000,0x00000000d5580000,0x00000000d5d00000)
  from space 1024K, 53% used [0x00000000d5e00000,0x00000000d5e88b30,0x00000000d5f00000)
  to   space 1024K, 0% used [0x00000000d5d00000,0x00000000d5d00000,0x00000000d5e00000)
 ParOldGen       total 839168K, used 839159K [0x0000000080000000, 0x00000000b3380000, 0x00000000d5580000)
  object space 839168K, 99% used [0x0000000080000000,0x00000000b337dc80,0x00000000b3380000)
 Metaspace       used 73540K, committed 75328K, reserved 1179648K
  class space    used 7763K, committed 8512K, reserved 1048576K
}
Event: 57.822 GC heap before
{Heap before GC invocations=882 (full 3):
 PSYoungGen      total 8704K, used 8226K [0x00000000d5580000, 0x00000000d5f00000, 0x0000000100000000)
  eden space 7680K, 100% used [0x00000000d5580000,0x00000000d5d00000,0x00000000d5d00000)
  from space 1024K, 53% used [0x00000000d5e00000,0x00000000d5e88b30,0x00000000d5f00000)
  to   space 1024K, 0% used [0x00000000d5d00000,0x00000000d5d00000,0x00000000d5e00000)
 ParOldGen       total 839168K, used 839159K [0x0000000080000000, 0x00000000b3380000, 0x00000000d5580000)
  object space 839168K, 99% used [0x0000000080000000,0x00000000b337dc80,0x00000000b3380000)
 Metaspace       used 73578K, committed 75328K, reserved 1179648K
  class space    used 7764K, committed 8512K, reserved 1048576K
}
Event: 57.825 GC heap after
{Heap after GC invocations=882 (full 3):
 PSYoungGen      total 8704K, used 395K [0x00000000d5580000, 0x00000000d5e80000, 0x0000000100000000)
  eden space 7680K, 0% used [0x00000000d5580000,0x00000000d5580000,0x00000000d5d00000)
  from space 1024K, 38% used [0x00000000d5d00000,0x00000000d5d62fb0,0x00000000d5e00000)
  to   space 512K, 0% used [0x00000000d5e00000,0x00000000d5e00000,0x00000000d5e80000)
 ParOldGen       total 839680K, used 839562K [0x0000000080000000, 0x00000000b3400000, 0x00000000d5580000)
  object space 839680K, 99% used [0x0000000080000000,0x00000000b33e2bd0,0x00000000b3400000)
 Metaspace       used 73578K, committed 75328K, reserved 1179648K
  class space    used 7764K, committed 8512K, reserved 1048576K
}
Event: 57.974 GC heap before
{Heap before GC invocations=883 (full 3):
 PSYoungGen      total 8704K, used 8075K [0x00000000d5580000, 0x00000000d5e80000, 0x0000000100000000)
  eden space 7680K, 100% used [0x00000000d5580000,0x00000000d5d00000,0x00000000d5d00000)
  from space 1024K, 38% used [0x00000000d5d00000,0x00000000d5d62fb0,0x00000000d5e00000)
  to   space 512K, 0% used [0x00000000d5e00000,0x00000000d5e00000,0x00000000d5e80000)
 ParOldGen       total 839680K, used 839562K [0x0000000080000000, 0x00000000b3400000, 0x00000000d5580000)
  object space 839680K, 99% used [0x0000000080000000,0x00000000b33e2bd0,0x00000000b3400000)
 Metaspace       used 73743K, committed 75520K, reserved 1179648K
  class space    used 7797K, committed 8576K, reserved 1048576K
}
Event: 57.979 GC heap after
{Heap after GC invocations=883 (full 3):
 PSYoungGen      total 7168K, used 480K [0x00000000d5580000, 0x00000000d6100000, 0x0000000100000000)
  eden space 6656K, 0% used [0x00000000d5580000,0x00000000d5580000,0x00000000d5c00000)
  from space 512K, 93% used [0x00000000d5e00000,0x00000000d5e78010,0x00000000d5e80000)
  to   space 2048K, 0% used [0x00000000d5c00000,0x00000000d5c00000,0x00000000d5e00000)
 ParOldGen       total 840704K, used 840703K [0x0000000080000000, 0x00000000b3500000, 0x00000000d5580000)
  object space 840704K, 99% used [0x0000000080000000,0x00000000b34ffc58,0x00000000b3500000)
 Metaspace       used 73743K, committed 75520K, reserved 1179648K
  class space    used 7797K, committed 8576K, reserved 1048576K
}

